<?xml version="1.0" encoding="UTF-8"?>
<testng-results ignored="0" total="1" passed="1" failed="0" skipped="0">
  <reporter-output>
  </reporter-output>
  <suite started-at="2025-10-28T21:11:12 IST" name="Surefire suite" finished-at="2025-10-28T21:11:16 IST" duration-ms="3010">
    <groups>
    </groups>
    <test started-at="2025-10-28T21:11:12 IST" name="Surefire test" finished-at="2025-10-28T21:11:16 IST" duration-ms="3010">
      <class name="tests.HomeTest">
        <test-method is-config="true" signature="setUp()[pri:0, instance:tests.HomeTest@78b66d36]" started-at="2025-10-28T21:11:13 IST" name="setUp" finished-at="2025-10-28T21:11:15 IST" duration-ms="2054" status="PASS">
          <reporter-output>
          </reporter-output>
        </test-method> <!-- setUp -->
        <test-method signature="verifyGoogleHomePage()[pri:0, instance:tests.HomeTest@78b66d36]" started-at="2025-10-28T21:11:15 IST" name="verifyGoogleHomePage" finished-at="2025-10-28T21:11:15 IST" duration-ms="749" status="PASS">
          <reporter-output>
          </reporter-output>
        </test-method> <!-- verifyGoogleHomePage -->
        <test-method is-config="true" signature="tearDown()[pri:0, instance:tests.HomeTest@78b66d36]" started-at="2025-10-28T21:11:15 IST" name="tearDown" finished-at="2025-10-28T21:11:15 IST" duration-ms="182" status="PASS">
          <reporter-output>
          </reporter-output>
        </test-method> <!-- tearDown -->
      </class> <!-- tests.HomeTest -->
    </test> <!-- Surefire test -->
  </suite> <!-- Surefire suite -->
</testng-results>
