<?xml version="1.0" encoding="UTF-8"?>
<testng-results ignored="0" total="1" passed="1" failed="0" skipped="0">
  <reporter-output>
  </reporter-output>
  <suite started-at="2025-10-27T21:47:45 IST" name="Selenium Test Suite" finished-at="2025-10-27T21:47:51 IST" duration-ms="6511">
    <groups>
    </groups>
    <test started-at="2025-10-27T21:47:45 IST" name="Smoke Tests" finished-at="2025-10-27T21:47:51 IST" duration-ms="6511">
      <class name="tests.HomeTest">
        <test-method is-config="true" signature="setUp()[pri:0, instance:tests.HomeTest@368f2016]" started-at="2025-10-27T21:47:45 IST" name="setUp" finished-at="2025-10-27T21:47:50 IST" duration-ms="5628" status="PASS">
          <reporter-output>
          </reporter-output>
        </test-method> <!-- setUp -->
        <test-method signature="verifyGoogleHomePage()[pri:0, instance:tests.HomeTest@368f2016]" started-at="2025-10-27T21:47:50 IST" name="verifyGoogleHomePage" finished-at="2025-10-27T21:47:51 IST" duration-ms="723" status="PASS">
          <reporter-output>
          </reporter-output>
        </test-method> <!-- verifyGoogleHomePage -->
        <test-method is-config="true" signature="tearDown()[pri:0, instance:tests.HomeTest@368f2016]" started-at="2025-10-27T21:47:51 IST" name="tearDown" finished-at="2025-10-27T21:47:51 IST" duration-ms="135" status="PASS">
          <reporter-output>
          </reporter-output>
        </test-method> <!-- tearDown -->
      </class> <!-- tests.HomeTest -->
    </test> <!-- Smoke Tests -->
  </suite> <!-- Selenium Test Suite -->
</testng-results>
